  ssuds.cpp
C:\Users\jaw06\Desktop\DS Assignments\Lab4\ssuds\include\array_list_utility.h(112,34): warning C4244: 'argument': conversion from 'double' to 'const T', possible loss of data
C:\Users\jaw06\Desktop\DS Assignments\Lab4\ssuds\include\array_list_utility.h(112,34): warning C4244:         with
C:\Users\jaw06\Desktop\DS Assignments\Lab4\ssuds\include\array_list_utility.h(112,34): warning C4244:         [
C:\Users\jaw06\Desktop\DS Assignments\Lab4\ssuds\include\array_list_utility.h(112,34): warning C4244:             T=float
C:\Users\jaw06\Desktop\DS Assignments\Lab4\ssuds\include\array_list_utility.h(112,34): warning C4244:         ]
  (compiling source file '../../src/ssuds.cpp')
  
C:\Users\jaw06\Desktop\DS Assignments\Lab4\ssuds\src\ssuds.cpp(32,65): error C2352: 'ssuds::ArrayListUtility::generate_random_list': a call of a non-static member function requires an object
  C:\Users\jaw06\Desktop\DS Assignments\Lab4\ssuds\include\array_list_utility.h(104,26):
  see declaration of 'ssuds::ArrayListUtility::generate_random_list'
  
C:\Users\jaw06\Desktop\DS Assignments\Lab4\ssuds\src\ssuds.cpp(63,55): error C2672: 'ssuds::ArrayListUtility::binary_search': no matching overloaded function found
  C:\Users\jaw06\Desktop\DS Assignments\Lab4\ssuds\include\array_list_utility.h(33,20):
  could be 'int ssuds::ArrayListUtility::binary_search(const ssuds::ArrayList<T> &,const T &,ssuds::sortOrder)'
  	C:\Users\jaw06\Desktop\DS Assignments\Lab4\ssuds\src\ssuds.cpp(63,55):
  	'int ssuds::ArrayListUtility::binary_search(const ssuds::ArrayList<T> &,const T &,ssuds::sortOrder)': expects 3 arguments - 2 provided
  
